<?xml version="1.0" encoding="UTF-8"?>
<!-- Generated by org.testng.reporters.JUnitXMLReporter -->
<testsuite ignored="2" hostname="LAPTOP-ROE9RGVK" failures="0" tests="2" name="Test" time="80.512" errors="0" timestamp="2025-03-21T20:00:03 IST">
  <testcase classname="Assignments.C2_Test" name="createCampaignTest" time="51.775"/>
  <testcase classname="Assignments.C2_Test" name="loginTest" time="28.634"/>
  <testcase classname="Assignments.createContact" name="createProductTest" time="0.0">
    <ignored/>
  </testcase> <!-- createProductTest -->
  <testcase classname="Assignments.createContact" name="createContactTest" time="0.0">
    <ignored/>
  </testcase> <!-- createContactTest -->
</testsuite> <!-- Test -->
