<?xml version="1.0" encoding="UTF-8"?>
<!-- Generated by org.testng.reporters.JUnitXMLReporter -->
<testsuite ignored="0" hostname="LAPTOP-ROE9RGVK" failures="0" tests="3" name="Default test" time="0.165" errors="0" timestamp="2025-03-25T20:53:10 IST">
  <testcase classname="Assignments.DataProviderUsage" name="testCase" time="0.02"/>
  <testcase classname="Assignments.DataProviderUsage" name="testCase" time="0.004"/>
  <testcase classname="Assignments.DataProviderUsage" name="testCase" time="0.002"/>
</testsuite> <!-- Default test -->
